2015/09/09 12:31:25 INFO  - jmeter.util.JMeterUtils: Setting Locale to es_CL 
2015/09/09 12:31:25 INFO  - jmeter.util.JMeterUtils: Could not find resources for 'es_CL', using 'es' 
2015/09/09 12:31:25 INFO  - jmeter.JMeter: Loading user properties from: C:\Users\cba\jmeter-demo\target\jmeter\bin\user.properties 
2015/09/09 12:31:25 INFO  - jmeter.JMeter: Loading system properties from: C:\Users\cba\jmeter-demo\target\jmeter\bin\system.properties 
2015/09/09 12:31:25 INFO  - jmeter.JMeter: Copyright (c) 1998-2012 The Apache Software Foundation 
2015/09/09 12:31:25 INFO  - jmeter.JMeter: Version 2.6 r1237317 
2015/09/09 12:31:25 INFO  - jmeter.JMeter: java.version=1.7.0_79 
2015/09/09 12:31:25 INFO  - jmeter.JMeter: java.vm.name=Java HotSpot(TM) 64-Bit Server VM 
2015/09/09 12:31:25 INFO  - jmeter.JMeter: os.name=Windows 8.1 
2015/09/09 12:31:25 INFO  - jmeter.JMeter: os.arch=amd64 
2015/09/09 12:31:25 INFO  - jmeter.JMeter: os.version=6.3 
2015/09/09 12:31:25 INFO  - jmeter.JMeter: file.encoding=Cp1252 
2015/09/09 12:31:25 INFO  - jmeter.JMeter: Default Locale=español (Chile) 
2015/09/09 12:31:25 INFO  - jmeter.JMeter: JMeter  Locale=español (Chile) 
2015/09/09 12:31:25 INFO  - jmeter.JMeter: JMeterHome=C:\Users\cba\jmeter-demo\target\jmeter 
2015/09/09 12:31:25 INFO  - jmeter.JMeter: user.dir  =C:\Users\cba\jmeter-demo\target\jmeter\bin 
2015/09/09 12:31:25 INFO  - jmeter.JMeter: PWD       =C:\Users\cba\jmeter-demo\target\jmeter\bin 
2015/09/09 12:31:25 INFO  - jmeter.JMeter: IP: 169.254.14.140 Name: CBASALAS FullName: CBASALAS 
2015/09/09 12:31:25 INFO  - jmeter.services.FileServer: Default base='C:\Users\cba\jmeter-demo\target\jmeter\bin' 
2015/09/09 12:31:25 INFO  - jmeter.services.FileServer: Set new base='C:\Users\cba\jmeter-demo\src\test\jmeter' 
2015/09/09 12:31:25 INFO  - jmeter.JMeter: Loading file: C:\Users\cba\jmeter-demo\src\test\jmeter\Phttp.jmx 
2015/09/09 12:31:25 INFO  - jmeter.save.SaveService: Testplan (JMX) version: 2.2. Testlog (JTL) version: 2.2 
2015/09/09 12:31:25 INFO  - jmeter.save.SaveService: Using SaveService properties file encoding UTF-8 
2015/09/09 12:31:25 INFO  - jmeter.save.SaveService: Using SaveService properties file version 1234216 
2015/09/09 12:31:25 INFO  - jmeter.save.SaveService: Using SaveService properties version 2.2 
2015/09/09 12:31:25 INFO  - jmeter.save.SaveService: All converter versions present and correct 
2015/09/09 12:31:25 INFO  - jmeter.protocol.http.sampler.HTTPSamplerBase: Cannot find .className property for htmlParser, using default 
2015/09/09 12:31:25 INFO  - jmeter.protocol.http.sampler.HTTPSamplerBase: Parser for text/html is  
2015/09/09 12:31:25 INFO  - jmeter.protocol.http.sampler.HTTPSamplerBase: Parser for application/xhtml+xml is  
2015/09/09 12:31:25 INFO  - jmeter.protocol.http.sampler.HTTPSamplerBase: Parser for application/xml is  
2015/09/09 12:31:25 INFO  - jmeter.protocol.http.sampler.HTTPSamplerBase: Parser for text/xml is  
2015/09/09 12:31:25 INFO  - jmeter.protocol.http.sampler.HTTPSamplerBase: Parser for text/vnd.wap.wml is org.apache.jmeter.protocol.http.parser.RegexpHTMLParser 
2015/09/09 12:31:25 INFO  - jmeter.protocol.http.sampler.HTTPSamplerBase: Reuse SSL session context on subsequent iterations: true 
2015/09/09 12:31:25 INFO  - jmeter.engine.StandardJMeterEngine: Running the test! 
2015/09/09 12:31:25 INFO  - jmeter.engine.util.CompoundVariable: Note: Function class names must contain the string: '.functions.' 
2015/09/09 12:31:25 INFO  - jmeter.engine.util.CompoundVariable: Note: Function class names must not contain the string: '.gui.' 
2015/09/09 12:31:25 INFO  - jmeter.JMeter: Test lanzado (1441812685637) 
2015/09/09 12:31:25 INFO  - jmeter.engine.StandardJMeterEngine: Starting 1 threads for group Grupo de Hilos. 
2015/09/09 12:31:25 INFO  - jmeter.engine.StandardJMeterEngine: Thread will continue on error 
2015/09/09 12:31:25 INFO  - jmeter.threads.JMeterThread: jmeterthread.startearlier=true (see jmeter.properties) 
2015/09/09 12:31:25 INFO  - jmeter.threads.JMeterThread: Running PostProcessors in forward order 
2015/09/09 12:31:25 INFO  - jmeter.engine.StandardJMeterEngine: All threads have been started 
2015/09/09 12:31:25 INFO  - jmeter.threads.JMeterThread: Thread started: Grupo de Hilos 1-1 
2015/09/09 12:31:25 INFO  - jmeter.protocol.http.sampler.HTTPJavaImpl: Maximum connection retries = 10 
2015/09/09 12:31:25 INFO  - jmeter.samplers.SampleResult: Note: Sample TimeStamps are START times 
2015/09/09 12:31:25 INFO  - jmeter.samplers.SampleResult: sampleresult.default.encoding is set to ISO-8859-1 
2015/09/09 12:31:25 INFO  - jmeter.samplers.SampleResult: sampleresult.useNanoTime=true 
2015/09/09 12:31:25 INFO  - jmeter.samplers.SampleResult: sampleresult.nanoThreadSleep=5000 
2015/09/09 12:31:26 INFO  - jmeter.threads.JMeterThread: Thread finished: Grupo de Hilos 1-1 
2015/09/09 12:31:26 INFO  - jmeter.engine.StandardJMeterEngine: Ending thread Grupo de Hilos 1-1 
2015/09/09 12:31:26 INFO  - jmeter.engine.StandardJMeterEngine: Notifying test listeners of end of test 
2015/09/09 12:31:26 INFO  - jmeter.engine.StandardJMeterEngine: Test has ended on host null 
